ERROR 2021-07-26 01:19:26,696 Unable to open ./favicon.ico api/debug/debug.cpp:14 user@DESKTOP-BD7CIF3
ERROR 2021-07-26 01:19:32,173 Unable to open ./favicon.ico api/debug/debug.cpp:14 user@DESKTOP-BD7CIF3
INFO 2021-07-26 01:19:33,966 Loaded config file: F:\mymcmods\1.12 Mods\simple-rpc\run\config\simple-rpc.toml api/debug/debug.cpp:12 user@DESKTOP-BD7CIF3
ERROR 2021-07-26 01:19:35,655 Unable to open ./resources/index.html api/debug/debug.cpp:14 user@DESKTOP-BD7CIF3
ERROR 2021-07-26 01:19:35,677 Unable to open ./favicon.ico api/debug/debug.cpp:14 user@DESKTOP-BD7CIF3
ERROR 2021-07-26 01:20:01,026 Unable to open ./favicon.ico api/debug/debug.cpp:14 user@DESKTOP-BD7CIF3
ERROR 2021-07-26 01:26:06,516 Unable to open ./favicon.ico api/debug/debug.cpp:14 user@DESKTOP-BD7CIF3
ERROR 2021-07-26 01:26:27,822 Unable to open ./favicon.ico api/debug/debug.cpp:14 user@DESKTOP-BD7CIF3
ERROR 2021-07-26 01:27:31,360 Unable to open ./favicon.ico api/debug/debug.cpp:14 user@DESKTOP-BD7CIF3
ERROR 2021-07-26 01:27:53,365 Unable to open ./favicon.ico api/debug/debug.cpp:14 user@DESKTOP-BD7CIF3
ERROR 2021-07-26 01:28:08,690 Unable to open ./favicon.ico api/debug/debug.cpp:14 user@DESKTOP-BD7CIF3
ERROR 2021-07-26 01:28:21,574 Unable to open ./favicon.ico api/debug/debug.cpp:14 user@DESKTOP-BD7CIF3
ERROR 2021-07-26 01:30:46,739 Unable to open ./favicon.ico api/debug/debug.cpp:14 user@DESKTOP-BD7CIF3
ERROR 2021-07-26 01:30:52,287 Unable to open ./favicon.ico api/debug/debug.cpp:14 user@DESKTOP-BD7CIF3
INFO 2021-07-26 01:30:54,444 Loaded config file: F:\mymcmods\1.12 Mods\simple-rpc\run\config\simple-rpc.toml api/debug/debug.cpp:12 user@DESKTOP-BD7CIF3
INFO 2021-07-26 01:30:55,924 Successfully fetched discord assets for app with id: 762726289341677668 api/debug/debug.cpp:12 user@DESKTOP-BD7CIF3
ERROR 2021-07-26 01:31:40,935 Unable to open ./favicon.ico api/debug/debug.cpp:14 user@DESKTOP-BD7CIF3
ERROR 2021-07-26 01:31:45,920 Unable to open ./favicon.ico api/debug/debug.cpp:14 user@DESKTOP-BD7CIF3
INFO 2021-07-26 01:31:47,814 Loaded config file: F:\mymcmods\1.12 Mods\simple-rpc\run\config\simple-rpc.toml api/debug/debug.cpp:12 user@DESKTOP-BD7CIF3
INFO 2021-07-26 01:31:49,988 Successfully fetched discord assets for app with id: 762726289341677668 api/debug/debug.cpp:12 user@DESKTOP-BD7CIF3
ERROR 2021-07-26 01:32:28,884 Unable to open ./favicon.ico api/debug/debug.cpp:14 user@DESKTOP-BD7CIF3
ERROR 2021-07-26 01:32:34,727 Unable to open ./favicon.ico api/debug/debug.cpp:14 user@DESKTOP-BD7CIF3
INFO 2021-07-26 01:32:36,399 Loaded config file: F:\mymcmods\1.12 Mods\simple-rpc\run\config\simple-rpc.toml api/debug/debug.cpp:12 user@DESKTOP-BD7CIF3
INFO 2021-07-26 01:32:37,826 Successfully fetched discord assets for app with id: 762726289341677668 api/debug/debug.cpp:12 user@DESKTOP-BD7CIF3
ERROR 2021-07-26 01:32:54,805 Unable to open ./favicon.ico api/debug/debug.cpp:14 user@DESKTOP-BD7CIF3
ERROR 2021-07-26 01:33:00,464 Unable to open ./favicon.ico api/debug/debug.cpp:14 user@DESKTOP-BD7CIF3
INFO 2021-07-26 01:33:02,497 Loaded config file: F:\mymcmods\1.12 Mods\simple-rpc\run\config\simple-rpc.toml api/debug/debug.cpp:12 user@DESKTOP-BD7CIF3
INFO 2021-07-26 01:33:02,535 Successfully fetched discord assets for app with id: 762726289341677668 api/debug/debug.cpp:12 user@DESKTOP-BD7CIF3
ERROR 2021-07-26 01:34:15,384 Unable to open ./favicon.ico api/debug/debug.cpp:14 user@DESKTOP-BD7CIF3
ERROR 2021-07-26 01:34:21,231 Unable to open ./favicon.ico api/debug/debug.cpp:14 user@DESKTOP-BD7CIF3
INFO 2021-07-26 01:34:23,169 Loaded config file: F:\mymcmods\1.12 Mods\simple-rpc\run\config\simple-rpc.toml api/debug/debug.cpp:12 user@DESKTOP-BD7CIF3
ERROR 2021-07-26 01:34:23,185 Unable to open ./resources/assets/img/rpc_edit_horizontal.svg api/debug/debug.cpp:14 user@DESKTOP-BD7CIF3
INFO 2021-07-26 01:34:24,576 Successfully fetched discord assets for app with id: 762726289341677668 api/debug/debug.cpp:12 user@DESKTOP-BD7CIF3
ERROR 2021-07-26 01:34:52,188 Unable to open ./favicon.ico api/debug/debug.cpp:14 user@DESKTOP-BD7CIF3
ERROR 2021-07-26 01:34:57,309 Unable to open ./favicon.ico api/debug/debug.cpp:14 user@DESKTOP-BD7CIF3
INFO 2021-07-26 01:34:59,386 Loaded config file: F:\mymcmods\1.12 Mods\simple-rpc\run\config\simple-rpc.toml api/debug/debug.cpp:12 user@DESKTOP-BD7CIF3
INFO 2021-07-26 01:35:00,609 Successfully fetched discord assets for app with id: 762726289341677668 api/debug/debug.cpp:12 user@DESKTOP-BD7CIF3
ERROR 2021-07-26 01:48:11,242 Unable to open ./favicon.ico api/debug/debug.cpp:14 user@DESKTOP-BD7CIF3
ERROR 2021-07-26 01:48:17,190 Unable to open ./favicon.ico api/debug/debug.cpp:14 user@DESKTOP-BD7CIF3
INFO 2021-07-26 01:48:19,335 Loaded config file: F:\mymcmods\1.12 Mods\simple-rpc\run\config\simple-rpc.toml api/debug/debug.cpp:12 user@DESKTOP-BD7CIF3
ERROR 2021-07-26 01:48:19,351 Unable to open ./resources/assets/img/rpc_edit_horizontal.svg api/debug/debug.cpp:14 user@DESKTOP-BD7CIF3
INFO 2021-07-26 01:48:20,768 Successfully fetched discord assets for app with id: 762726289341677668 api/debug/debug.cpp:12 user@DESKTOP-BD7CIF3
ERROR 2021-07-26 01:49:31,424 Unable to open ./favicon.ico api/debug/debug.cpp:14 user@DESKTOP-BD7CIF3
ERROR 2021-07-26 01:49:37,385 Unable to open ./favicon.ico api/debug/debug.cpp:14 user@DESKTOP-BD7CIF3
INFO 2021-07-26 01:49:39,602 Loaded config file: F:\mymcmods\1.12 Mods\simple-rpc\run\config\simple-rpc.toml api/debug/debug.cpp:12 user@DESKTOP-BD7CIF3
ERROR 2021-07-26 01:49:39,616 Unable to open ./resources/assets/img/rpc_edit_horizontal.svg api/debug/debug.cpp:14 user@DESKTOP-BD7CIF3
INFO 2021-07-26 01:49:40,990 Successfully fetched discord assets for app with id: 762726289341677668 api/debug/debug.cpp:12 user@DESKTOP-BD7CIF3
ERROR 2021-07-26 01:49:49,346 Unable to open ./favicon.ico api/debug/debug.cpp:14 user@DESKTOP-BD7CIF3
ERROR 2021-07-26 01:49:55,177 Unable to open ./favicon.ico api/debug/debug.cpp:14 user@DESKTOP-BD7CIF3
INFO 2021-07-26 01:49:57,885 Loaded config file: F:\mymcmods\1.12 Mods\simple-rpc\run\config\simple-rpc.toml api/debug/debug.cpp:12 user@DESKTOP-BD7CIF3
ERROR 2021-07-26 01:49:57,901 Unable to open ./resources/assets/img/rpc_edit_horizontal.svg api/debug/debug.cpp:14 user@DESKTOP-BD7CIF3
INFO 2021-07-26 01:49:57,921 Successfully fetched discord assets for app with id: 762726289341677668 api/debug/debug.cpp:12 user@DESKTOP-BD7CIF3
ERROR 2021-07-26 01:50:12,350 Unable to open ./favicon.ico api/debug/debug.cpp:14 user@DESKTOP-BD7CIF3
ERROR 2021-07-26 01:50:18,099 Unable to open ./favicon.ico api/debug/debug.cpp:14 user@DESKTOP-BD7CIF3
INFO 2021-07-26 01:50:20,105 Loaded config file: F:\mymcmods\1.12 Mods\simple-rpc\run\config\simple-rpc.toml api/debug/debug.cpp:12 user@DESKTOP-BD7CIF3
ERROR 2021-07-26 01:50:20,119 Unable to open ./resources/assets/img/rpc_edit_horizontal.svg api/debug/debug.cpp:14 user@DESKTOP-BD7CIF3
INFO 2021-07-26 01:50:21,287 Successfully fetched discord assets for app with id: 762726289341677668 api/debug/debug.cpp:12 user@DESKTOP-BD7CIF3
ERROR 2021-07-26 01:52:18,413 Unable to open ./favicon.ico api/debug/debug.cpp:14 user@DESKTOP-BD7CIF3
ERROR 2021-07-26 01:52:24,104 Unable to open ./favicon.ico api/debug/debug.cpp:14 user@DESKTOP-BD7CIF3
INFO 2021-07-26 01:52:26,027 Loaded config file: F:\mymcmods\1.12 Mods\simple-rpc\run\config\simple-rpc.toml api/debug/debug.cpp:12 user@DESKTOP-BD7CIF3
INFO 2021-07-26 01:52:27,553 Successfully fetched discord assets for app with id: 762726289341677668 api/debug/debug.cpp:12 user@DESKTOP-BD7CIF3
ERROR 2021-07-26 01:53:59,112 Unable to open ./favicon.ico api/debug/debug.cpp:14 user@DESKTOP-BD7CIF3
ERROR 2021-07-26 01:54:04,866 Unable to open ./favicon.ico api/debug/debug.cpp:14 user@DESKTOP-BD7CIF3
INFO 2021-07-26 01:54:07,143 Loaded config file: F:\mymcmods\1.12 Mods\simple-rpc\run\config\simple-rpc.toml api/debug/debug.cpp:12 user@DESKTOP-BD7CIF3
ERROR 2021-07-26 01:54:07,159 Unable to open ./resources/assets/img/rpc_edit_horizontal.svg api/debug/debug.cpp:14 user@DESKTOP-BD7CIF3
INFO 2021-07-26 01:54:08,596 Successfully fetched discord assets for app with id: 762726289341677668 api/debug/debug.cpp:12 user@DESKTOP-BD7CIF3
ERROR 2021-07-26 01:55:55,626 Unable to open ./favicon.ico api/debug/debug.cpp:14 user@DESKTOP-BD7CIF3
ERROR 2021-07-26 01:56:01,286 Unable to open ./favicon.ico api/debug/debug.cpp:14 user@DESKTOP-BD7CIF3
INFO 2021-07-26 01:56:03,313 Loaded config file: F:\mymcmods\1.12 Mods\simple-rpc\run\config\simple-rpc.toml api/debug/debug.cpp:12 user@DESKTOP-BD7CIF3
INFO 2021-07-26 01:56:04,711 Successfully fetched discord assets for app with id: 762726289341677668 api/debug/debug.cpp:12 user@DESKTOP-BD7CIF3
INFO 2021-07-26 01:57:00,590 Loaded config file: C:\Users\user\AppData\Roaming\gdlauncher_next\instances\YATP\config\simple-rpc.toml api/debug/debug.cpp:12 user@DESKTOP-BD7CIF3
INFO 2021-07-26 01:57:01,052 Successfully fetched discord assets for app with id: 860973784411668490 api/debug/debug.cpp:12 user@DESKTOP-BD7CIF3
ERROR 2021-07-26 01:57:46,896 Unable to open ./resources/index.html api/debug/debug.cpp:14 user@DESKTOP-BD7CIF3
ERROR 2021-07-26 01:57:46,967 Unable to open ./favicon.ico api/debug/debug.cpp:14 user@DESKTOP-BD7CIF3
ERROR 2021-07-26 01:57:55,805 Unable to open ./favicon.ico api/debug/debug.cpp:14 user@DESKTOP-BD7CIF3
ERROR 2021-07-26 01:58:01,339 Unable to open ./favicon.ico api/debug/debug.cpp:14 user@DESKTOP-BD7CIF3
INFO 2021-07-26 01:58:10,671 Loaded config file: C:\Users\user\AppData\Roaming\gdlauncher_next\instances\YATP\config\simple-rpc.toml api/debug/debug.cpp:12 user@DESKTOP-BD7CIF3
ERROR 2021-07-26 01:58:10,687 Unable to open ./resources/assets/img/rpc_edit_horizontal.svg api/debug/debug.cpp:14 user@DESKTOP-BD7CIF3
INFO 2021-07-26 01:58:12,416 Successfully fetched discord assets for app with id: 860973784411668490 api/debug/debug.cpp:12 user@DESKTOP-BD7CIF3
ERROR 2021-07-26 01:59:09,696 Unable to open ./resources/index.html api/debug/debug.cpp:14 user@DESKTOP-BD7CIF3
ERROR 2021-07-26 01:59:09,772 Unable to open ./favicon.ico api/debug/debug.cpp:14 user@DESKTOP-BD7CIF3
ERROR 2021-07-26 01:59:15,576 Unable to open ./favicon.ico api/debug/debug.cpp:14 user@DESKTOP-BD7CIF3
ERROR 2021-07-26 01:59:16,965 Unable to open ./favicon.ico api/debug/debug.cpp:14 user@DESKTOP-BD7CIF3
ERROR 2021-07-26 01:59:18,108 Unable to open ./favicon.ico api/debug/debug.cpp:14 user@DESKTOP-BD7CIF3
ERROR 2021-07-26 01:59:23,584 Unable to open ./favicon.ico api/debug/debug.cpp:14 user@DESKTOP-BD7CIF3
INFO 2021-07-26 01:59:29,768 Loaded config file: C:\Users\user\AppData\Roaming\gdlauncher_next\instances\YATP\config\simple-rpc.toml api/debug/debug.cpp:12 user@DESKTOP-BD7CIF3
ERROR 2021-07-26 01:59:29,781 Unable to open ./resources/assets/img/rpc_edit_horizontal.svg api/debug/debug.cpp:14 user@DESKTOP-BD7CIF3
INFO 2021-07-26 01:59:33,023 Successfully fetched discord assets for app with id: 860973784411668490 api/debug/debug.cpp:12 user@DESKTOP-BD7CIF3
INFO 2021-07-26 01:59:33,988 Config saved to: C:\Users\user\AppData\Roaming\gdlauncher_next\instances\YATP\config\simple-rpc.toml api/debug/debug.cpp:12 user@DESKTOP-BD7CIF3
ERROR 2021-07-26 02:00:13,776 Unable to open ./favicon.ico api/debug/debug.cpp:14 user@DESKTOP-BD7CIF3
ERROR 2021-07-26 02:00:25,663 Unable to open ./favicon.ico api/debug/debug.cpp:14 user@DESKTOP-BD7CIF3
INFO 2021-07-26 02:00:30,604 Loaded config file: C:\Users\user\AppData\Roaming\gdlauncher_next\instances\YATP\config\simple-rpc.toml api/debug/debug.cpp:12 user@DESKTOP-BD7CIF3
ERROR 2021-07-26 02:00:30,620 Unable to open ./resources/assets/img/rpc_edit_horizontal.svg api/debug/debug.cpp:14 user@DESKTOP-BD7CIF3
INFO 2021-07-26 02:00:31,029 Successfully fetched discord assets for app with id: 860973784411668490 api/debug/debug.cpp:12 user@DESKTOP-BD7CIF3
ERROR 2021-07-26 02:01:24,142 Unable to open ./favicon.ico api/debug/debug.cpp:14 user@DESKTOP-BD7CIF3
ERROR 2021-07-26 02:01:30,536 Unable to open ./favicon.ico api/debug/debug.cpp:14 user@DESKTOP-BD7CIF3
ERROR 2021-07-26 02:01:36,269 Unable to open ./favicon.ico api/debug/debug.cpp:14 user@DESKTOP-BD7CIF3
INFO 2021-07-26 02:01:40,299 Loaded config file: C:\Users\user\AppData\Roaming\gdlauncher_next\instances\YATP\config\simple-rpc.toml api/debug/debug.cpp:12 user@DESKTOP-BD7CIF3
ERROR 2021-07-26 02:01:40,313 Unable to open ./resources/assets/img/rpc_edit_horizontal.svg api/debug/debug.cpp:14 user@DESKTOP-BD7CIF3
INFO 2021-07-26 02:01:41,676 Successfully fetched discord assets for app with id: 860973784411668490 api/debug/debug.cpp:12 user@DESKTOP-BD7CIF3
ERROR 2021-07-26 02:01:54,897 Unable to open ./resources/assets/img/rpc_edit_horizontal.svg api/debug/debug.cpp:14 user@DESKTOP-BD7CIF3
ERROR 2021-07-26 02:01:54,944 Unable to open ./favicon.ico api/debug/debug.cpp:14 user@DESKTOP-BD7CIF3
ERROR 2021-07-26 02:02:28,090 Unable to open ./favicon.ico api/debug/debug.cpp:14 user@DESKTOP-BD7CIF3
ERROR 2021-07-26 02:02:35,130 Unable to open ./favicon.ico api/debug/debug.cpp:14 user@DESKTOP-BD7CIF3
INFO 2021-07-26 02:02:39,478 Loaded config file: C:\Users\user\AppData\Roaming\gdlauncher_next\instances\YATP\config\simple-rpc.toml api/debug/debug.cpp:12 user@DESKTOP-BD7CIF3
ERROR 2021-07-26 02:02:39,494 Unable to open ./resources/assets/img/rpc_edit_horizontal.svg api/debug/debug.cpp:14 user@DESKTOP-BD7CIF3
INFO 2021-07-26 02:02:40,947 Successfully fetched discord assets for app with id: 860973784411668490 api/debug/debug.cpp:12 user@DESKTOP-BD7CIF3
ERROR 2021-07-26 02:03:26,307 Unable to open ./resources/index.html api/debug/debug.cpp:14 user@DESKTOP-BD7CIF3
ERROR 2021-07-26 02:03:26,332 Unable to open ./favicon.ico api/debug/debug.cpp:14 user@DESKTOP-BD7CIF3
ERROR 2021-07-26 02:04:09,087 Unable to open ./favicon.ico api/debug/debug.cpp:14 user@DESKTOP-BD7CIF3
ERROR 2021-07-26 02:04:15,177 Unable to open ./favicon.ico api/debug/debug.cpp:14 user@DESKTOP-BD7CIF3
INFO 2021-07-26 02:04:20,694 Loaded config file: C:\Users\user\AppData\Roaming\gdlauncher_next\instances\YATP\config\simple-rpc.toml api/debug/debug.cpp:12 user@DESKTOP-BD7CIF3
ERROR 2021-07-26 02:04:20,709 Unable to open ./resources/assets/img/rpc_edit_horizontal.svg api/debug/debug.cpp:14 user@DESKTOP-BD7CIF3
INFO 2021-07-26 02:04:22,124 Successfully fetched discord assets for app with id: 860973784411668490 api/debug/debug.cpp:12 user@DESKTOP-BD7CIF3
